# Logfile created on 2025-01-16 16:21:11 +0200 by logger.rb/v1.5.3
D, [2025-01-16T16:21:11.852333 #38407] DEBUG -- :   [1m[36mScheduledMessage Load (0.4ms)[0m  [1m[34mSELECT "scheduled_messages".* FROM "scheduled_messages" WHERE "scheduled_messages"."sent" = ? ORDER BY "scheduled_messages"."id" ASC LIMIT ?[0m  [["sent", 0], ["LIMIT", 1000]]
D, [2025-01-16T16:21:20.360363 #38401] DEBUG -- :   [1m[36mUser Load (1.5ms)[0m  [1m[34mSELECT "users".* FROM "users" WHERE "users"."telegram_id" = ? LIMIT ?[0m  [["telegram_id", 7262980981], ["LIMIT", 1]]
D, [2025-01-16T16:21:20.378889 #38401] DEBUG -- :   [1m[36mApplication Exists? (1.4ms)[0m  [1m[34mSELECT 1 AS one FROM "applications" WHERE "applications"."user_id" = ? AND "applications"."status" = ? LIMIT ?[0m  [["user_id", 1], ["status", "pending"], ["LIMIT", 1]]
D, [2025-01-16T16:21:22.225832 #38401] DEBUG -- :   [1m[36mUser Load (0.1ms)[0m  [1m[34mSELECT "users".* FROM "users" WHERE "users"."telegram_id" = ? LIMIT ?[0m  [["telegram_id", 7262980981], ["LIMIT", 1]]
D, [2025-01-16T16:21:24.272573 #38401] DEBUG -- :   [1m[36mUser Load (0.1ms)[0m  [1m[34mSELECT "users".* FROM "users" WHERE "users"."telegram_id" = ? LIMIT ?[0m  [["telegram_id", 7262980981], ["LIMIT", 1]]
D, [2025-01-16T16:21:25.471234 #38401] DEBUG -- :   [1m[36mUser Load (0.1ms)[0m  [1m[34mSELECT "users".* FROM "users" WHERE "users"."telegram_id" = ? LIMIT ?[0m  [["telegram_id", 7262980981], ["LIMIT", 1]]
D, [2025-01-16T16:21:25.872073 #38401] DEBUG -- :   [1m[36mUser Load (0.1ms)[0m  [1m[34mSELECT "users".* FROM "users" WHERE "users"."telegram_id" = ? LIMIT ?[0m  [["telegram_id", 7262980981], ["LIMIT", 1]]
D, [2025-01-16T16:21:26.463732 #38401] DEBUG -- :   [1m[36mUser Load (0.1ms)[0m  [1m[34mSELECT "users".* FROM "users" WHERE "users"."telegram_id" = ? LIMIT ?[0m  [["telegram_id", 7262980981], ["LIMIT", 1]]
D, [2025-01-16T16:21:31.479704 #38401] DEBUG -- :   [1m[36mUser Load (0.1ms)[0m  [1m[34mSELECT "users".* FROM "users" WHERE "users"."telegram_id" = ? LIMIT ?[0m  [["telegram_id", 7262980981], ["LIMIT", 1]]
D, [2025-01-16T16:22:11.854812 #38407] DEBUG -- :   [1m[36mScheduledMessage Load (0.2ms)[0m  [1m[34mSELECT "scheduled_messages".* FROM "scheduled_messages" WHERE "scheduled_messages"."sent" = ? ORDER BY "scheduled_messages"."id" ASC LIMIT ?[0m  [["sent", 0], ["LIMIT", 1000]]
D, [2025-01-16T16:22:57.136741 #38591] DEBUG -- :   [1m[36mScheduledMessage Load (0.5ms)[0m  [1m[34mSELECT "scheduled_messages".* FROM "scheduled_messages" WHERE "scheduled_messages"."sent" = ? ORDER BY "scheduled_messages"."id" ASC LIMIT ?[0m  [["sent", 0], ["LIMIT", 1000]]
D, [2025-01-16T16:23:09.676240 #38587] DEBUG -- :   [1m[36mUser Load (0.9ms)[0m  [1m[34mSELECT "users".* FROM "users" WHERE "users"."telegram_id" = ? LIMIT ?[0m  [["telegram_id", 7262980981], ["LIMIT", 1]]
D, [2025-01-16T16:23:15.081759 #38587] DEBUG -- :   [1m[36mUser Load (0.1ms)[0m  [1m[34mSELECT "users".* FROM "users" WHERE "users"."telegram_id" = ? LIMIT ?[0m  [["telegram_id", 7262980981], ["LIMIT", 1]]
D, [2025-01-16T16:23:19.567716 #38587] DEBUG -- :   [1m[36mUser Load (0.1ms)[0m  [1m[34mSELECT "users".* FROM "users" WHERE "users"."telegram_id" = ? LIMIT ?[0m  [["telegram_id", 7262980981], ["LIMIT", 1]]
D, [2025-01-16T16:23:19.580989 #38587] DEBUG -- :   [1m[36mApplication Exists? (1.2ms)[0m  [1m[34mSELECT 1 AS one FROM "applications" WHERE "applications"."user_id" = ? AND "applications"."status" = ? LIMIT ?[0m  [["user_id", 1], ["status", "pending"], ["LIMIT", 1]]
D, [2025-01-16T16:23:20.887067 #38587] DEBUG -- :   [1m[36mUser Load (0.1ms)[0m  [1m[34mSELECT "users".* FROM "users" WHERE "users"."telegram_id" = ? LIMIT ?[0m  [["telegram_id", 7262980981], ["LIMIT", 1]]
D, [2025-01-16T16:23:23.146922 #38587] DEBUG -- :   [1m[36mUser Load (0.1ms)[0m  [1m[34mSELECT "users".* FROM "users" WHERE "users"."telegram_id" = ? LIMIT ?[0m  [["telegram_id", 7262980981], ["LIMIT", 1]]
D, [2025-01-16T16:23:24.165365 #38587] DEBUG -- :   [1m[36mUser Load (0.2ms)[0m  [1m[34mSELECT "users".* FROM "users" WHERE "users"."telegram_id" = ? LIMIT ?[0m  [["telegram_id", 7262980981], ["LIMIT", 1]]
D, [2025-01-16T16:23:57.148478 #38591] DEBUG -- :   [1m[36mScheduledMessage Load (0.1ms)[0m  [1m[34mSELECT "scheduled_messages".* FROM "scheduled_messages" WHERE "scheduled_messages"."sent" = ? ORDER BY "scheduled_messages"."id" ASC LIMIT ?[0m  [["sent", 0], ["LIMIT", 1000]]
D, [2025-01-16T16:24:04.639233 #38692] DEBUG -- :   [1m[36mScheduledMessage Load (0.2ms)[0m  [1m[34mSELECT "scheduled_messages".* FROM "scheduled_messages" WHERE "scheduled_messages"."sent" = ? ORDER BY "scheduled_messages"."id" ASC LIMIT ?[0m  [["sent", 0], ["LIMIT", 1000]]
D, [2025-01-16T16:24:08.206725 #38688] DEBUG -- :   [1m[36mUser Load (0.1ms)[0m  [1m[34mSELECT "users".* FROM "users" WHERE "users"."telegram_id" = ? LIMIT ?[0m  [["telegram_id", 7262980981], ["LIMIT", 1]]
D, [2025-01-16T16:24:08.221285 #38688] DEBUG -- :   [1m[36mApplication Exists? (0.9ms)[0m  [1m[34mSELECT 1 AS one FROM "applications" WHERE "applications"."user_id" = ? AND "applications"."status" = ? LIMIT ?[0m  [["user_id", 1], ["status", "pending"], ["LIMIT", 1]]
D, [2025-01-16T16:24:09.422718 #38688] DEBUG -- :   [1m[36mUser Load (0.1ms)[0m  [1m[34mSELECT "users".* FROM "users" WHERE "users"."telegram_id" = ? LIMIT ?[0m  [["telegram_id", 7262980981], ["LIMIT", 1]]
D, [2025-01-16T16:24:09.738147 #38688] DEBUG -- :   [1m[36mTRANSACTION (0.1ms)[0m  [1m[36mbegin transaction[0m
D, [2025-01-16T16:24:09.740034 #38688] DEBUG -- :   [1m[36mApplication Create (1.6ms)[0m  [1m[32mINSERT INTO "applications" ("user_id", "status", "product_code", "product_name", "price", "application_step", "reference_number", "created_at", "updated_at") VALUES (?, ?, ?, ?, ?, ?, ?, ?, ?)[0m  [["user_id", 1], ["status", "draft"], ["product_code", "oak_firewood"], ["product_name", "🌳 Дрова дуб"], ["price", 1500.0], ["application_step", "quantity"], ["reference_number", "LN-20250116-4840"], ["created_at", "2025-01-16 14:24:09.737464"], ["updated_at", "2025-01-16 14:24:09.737464"]]
D, [2025-01-16T16:24:09.743924 #38688] DEBUG -- :   [1m[36mTRANSACTION (3.6ms)[0m  [1m[36mcommit transaction[0m
D, [2025-01-16T16:24:13.811986 #38688] DEBUG -- :   [1m[36mUser Load (0.1ms)[0m  [1m[34mSELECT "users".* FROM "users" WHERE "users"."telegram_id" = ? LIMIT ?[0m  [["telegram_id", 7262980981], ["LIMIT", 1]]
D, [2025-01-16T16:24:13.813270 #38688] DEBUG -- :   [1m[36mApplication Load (0.2ms)[0m  [1m[34mSELECT "applications".* FROM "applications" WHERE "applications"."user_id" = ? AND "applications"."status" IN (?, ?) ORDER BY "applications"."id" DESC LIMIT ?[0m  [["user_id", 1], ["status", "draft"], ["status", "pending"], ["LIMIT", 1]]
D, [2025-01-16T16:24:13.814181 #38688] DEBUG -- :   [1m[36mTRANSACTION (0.0ms)[0m  [1m[36mbegin transaction[0m
D, [2025-01-16T16:24:13.814677 #38688] DEBUG -- :   [1m[36mApplication Update (0.3ms)[0m  [1m[33mUPDATE "applications" SET "quantity" = ?, "application_step" = ?, "updated_at" = ? WHERE "applications"."id" = ?[0m  [["quantity", 6], ["application_step", "address"], ["updated_at", "2025-01-16 14:24:13.813721"], ["id", 1]]
D, [2025-01-16T16:24:13.815674 #38688] DEBUG -- :   [1m[36mTRANSACTION (0.8ms)[0m  [1m[36mcommit transaction[0m
D, [2025-01-16T16:24:18.822127 #38688] DEBUG -- :   [1m[36mUser Load (0.2ms)[0m  [1m[34mSELECT "users".* FROM "users" WHERE "users"."telegram_id" = ? LIMIT ?[0m  [["telegram_id", 7262980981], ["LIMIT", 1]]
D, [2025-01-16T16:24:18.822990 #38688] DEBUG -- :   [1m[36mApplication Load (0.2ms)[0m  [1m[34mSELECT "applications".* FROM "applications" WHERE "applications"."user_id" = ? AND "applications"."status" IN (?, ?) ORDER BY "applications"."id" DESC LIMIT ?[0m  [["user_id", 1], ["status", "draft"], ["status", "pending"], ["LIMIT", 1]]
D, [2025-01-16T16:24:18.823786 #38688] DEBUG -- :   [1m[36mTRANSACTION (0.0ms)[0m  [1m[36mbegin transaction[0m
D, [2025-01-16T16:24:18.824452 #38688] DEBUG -- :   [1m[36mApplication Update (0.5ms)[0m  [1m[33mUPDATE "applications" SET "delivery_address" = ?, "application_step" = ?, "updated_at" = ? WHERE "applications"."id" = ?[0m  [["delivery_address", "Dhdndndn"], ["application_step", "phone"], ["updated_at", "2025-01-16 14:24:18.823459"], ["id", 1]]
D, [2025-01-16T16:24:18.825776 #38688] DEBUG -- :   [1m[36mTRANSACTION (1.1ms)[0m  [1m[36mcommit transaction[0m
D, [2025-01-16T16:24:22.780722 #38688] DEBUG -- :   [1m[36mUser Load (0.2ms)[0m  [1m[34mSELECT "users".* FROM "users" WHERE "users"."telegram_id" = ? LIMIT ?[0m  [["telegram_id", 7262980981], ["LIMIT", 1]]
D, [2025-01-16T16:24:22.781538 #38688] DEBUG -- :   [1m[36mApplication Load (0.1ms)[0m  [1m[34mSELECT "applications".* FROM "applications" WHERE "applications"."user_id" = ? AND "applications"."status" IN (?, ?) ORDER BY "applications"."id" DESC LIMIT ?[0m  [["user_id", 1], ["status", "draft"], ["status", "pending"], ["LIMIT", 1]]
D, [2025-01-16T16:24:27.681565 #38688] DEBUG -- :   [1m[36mUser Load (0.1ms)[0m  [1m[34mSELECT "users".* FROM "users" WHERE "users"."telegram_id" = ? LIMIT ?[0m  [["telegram_id", 7262980981], ["LIMIT", 1]]
D, [2025-01-16T16:24:27.682421 #38688] DEBUG -- :   [1m[36mApplication Load (0.2ms)[0m  [1m[34mSELECT "applications".* FROM "applications" WHERE "applications"."user_id" = ? AND "applications"."status" IN (?, ?) ORDER BY "applications"."id" DESC LIMIT ?[0m  [["user_id", 1], ["status", "draft"], ["status", "pending"], ["LIMIT", 1]]
D, [2025-01-16T16:24:27.683345 #38688] DEBUG -- :   [1m[36mTRANSACTION (0.0ms)[0m  [1m[36mbegin transaction[0m
D, [2025-01-16T16:24:27.683830 #38688] DEBUG -- :   [1m[36mApplication Update (0.3ms)[0m  [1m[33mUPDATE "applications" SET "status" = ?, "phone_number" = ?, "application_step" = ?, "updated_at" = ? WHERE "applications"."id" = ?[0m  [["status", "pending"], ["phone_number", "0939383839"], ["application_step", "completed"], ["updated_at", "2025-01-16 14:24:27.683056"], ["id", 1]]
D, [2025-01-16T16:24:27.685086 #38688] DEBUG -- :   [1m[36mTRANSACTION (1.1ms)[0m  [1m[36mcommit transaction[0m
D, [2025-01-16T16:25:04.643014 #38692] DEBUG -- :   [1m[36mScheduledMessage Load (0.2ms)[0m  [1m[34mSELECT "scheduled_messages".* FROM "scheduled_messages" WHERE "scheduled_messages"."sent" = ? ORDER BY "scheduled_messages"."id" ASC LIMIT ?[0m  [["sent", 0], ["LIMIT", 1000]]
D, [2025-01-16T16:25:36.783180 #38812] DEBUG -- :   [1m[36mScheduledMessage Load (0.2ms)[0m  [1m[34mSELECT "scheduled_messages".* FROM "scheduled_messages" WHERE "scheduled_messages"."sent" = ? ORDER BY "scheduled_messages"."id" ASC LIMIT ?[0m  [["sent", 0], ["LIMIT", 1000]]
D, [2025-01-16T16:25:46.596284 #38809] DEBUG -- :   [1m[36mUser Load (0.1ms)[0m  [1m[34mSELECT "users".* FROM "users" WHERE "users"."telegram_id" = ? LIMIT ?[0m  [["telegram_id", 7262980981], ["LIMIT", 1]]
D, [2025-01-16T16:25:49.196415 #38809] DEBUG -- :   [1m[36mUser Load (0.2ms)[0m  [1m[34mSELECT "users".* FROM "users" WHERE "users"."telegram_id" = ? LIMIT ?[0m  [["telegram_id", 7262980981], ["LIMIT", 1]]
D, [2025-01-16T16:25:49.211361 #38809] DEBUG -- :   [1m[36mApplication Exists? (1.1ms)[0m  [1m[34mSELECT 1 AS one FROM "applications" WHERE "applications"."user_id" = ? AND "applications"."status" = ? LIMIT ?[0m  [["user_id", 1], ["status", "pending"], ["LIMIT", 1]]
D, [2025-01-16T16:25:50.899870 #38809] DEBUG -- :   [1m[36mUser Load (0.2ms)[0m  [1m[34mSELECT "users".* FROM "users" WHERE "users"."telegram_id" = ? LIMIT ?[0m  [["telegram_id", 7262980981], ["LIMIT", 1]]
D, [2025-01-16T16:25:53.328477 #38809] DEBUG -- :   [1m[36mUser Load (0.1ms)[0m  [1m[34mSELECT "users".* FROM "users" WHERE "users"."telegram_id" = ? LIMIT ?[0m  [["telegram_id", 7262980981], ["LIMIT", 1]]
D, [2025-01-16T16:25:53.329520 #38809] DEBUG -- :   [1m[36mApplication Exists? (0.1ms)[0m  [1m[34mSELECT 1 AS one FROM "applications" WHERE "applications"."user_id" = ? AND "applications"."status" = ? LIMIT ?[0m  [["user_id", 1], ["status", "pending"], ["LIMIT", 1]]
D, [2025-01-16T16:25:59.459203 #38809] DEBUG -- :   [1m[36mUser Load (0.1ms)[0m  [1m[34mSELECT "users".* FROM "users" WHERE "users"."telegram_id" = ? LIMIT ?[0m  [["telegram_id", 7262980981], ["LIMIT", 1]]
D, [2025-01-16T16:25:59.460619 #38809] DEBUG -- :   [1m[36mApplication Exists? (0.2ms)[0m  [1m[34mSELECT 1 AS one FROM "applications" WHERE "applications"."user_id" = ? AND "applications"."status" = ? LIMIT ?[0m  [["user_id", 1], ["status", "pending"], ["LIMIT", 1]]
D, [2025-01-16T16:26:05.652718 #38809] DEBUG -- :   [1m[36mUser Load (0.1ms)[0m  [1m[34mSELECT "users".* FROM "users" WHERE "users"."telegram_id" = ? LIMIT ?[0m  [["telegram_id", 7262980981], ["LIMIT", 1]]
D, [2025-01-16T16:26:06.932321 #38809] DEBUG -- :   [1m[36mUser Load (0.1ms)[0m  [1m[34mSELECT "users".* FROM "users" WHERE "users"."telegram_id" = ? LIMIT ?[0m  [["telegram_id", 7262980981], ["LIMIT", 1]]
D, [2025-01-16T16:26:06.933299 #38809] DEBUG -- :   [1m[36mTRANSACTION (0.1ms)[0m  [1m[36mbegin transaction[0m
D, [2025-01-16T16:26:06.933950 #38809] DEBUG -- :   [1m[36mUser Update (0.5ms)[0m  [1m[33mUPDATE "users" SET "language" = ?, "updated_at" = ? WHERE "users"."id" = ?[0m  [["language", "ro"], ["updated_at", "2025-01-16 14:26:06.932680"], ["id", 1]]
D, [2025-01-16T16:26:06.934981 #38809] DEBUG -- :   [1m[36mTRANSACTION (0.8ms)[0m  [1m[36mcommit transaction[0m
D, [2025-01-16T16:26:08.884565 #38809] DEBUG -- :   [1m[36mUser Load (0.2ms)[0m  [1m[34mSELECT "users".* FROM "users" WHERE "users"."telegram_id" = ? LIMIT ?[0m  [["telegram_id", 7262980981], ["LIMIT", 1]]
D, [2025-01-16T16:26:08.885368 #38809] DEBUG -- :   [1m[36mApplication Exists? (0.1ms)[0m  [1m[34mSELECT 1 AS one FROM "applications" WHERE "applications"."user_id" = ? AND "applications"."status" = ? LIMIT ?[0m  [["user_id", 1], ["status", "pending"], ["LIMIT", 1]]
